<?xml version="1.0" encoding="UTF-8"?>
<testsuite name="org.maxur.perfmodel.backend.rest.resources.ProjectResourceSpec" time="0.607" tests="14" errors="0" skipped="0" failures="0">
  <properties>
[...]
</properties>
  <testcase name="should be return projects by GET request" classname="org.maxur.perfmodel.backend.rest.resources.ProjectResourceSpec" time="0.426"/>
  <testcase name="should be return 404 code by GET request unavailable project" classname="org.maxur.perfmodel.backend.rest.resources.ProjectResourceSpec" time="0.018"/>
  <testcase name="should be return project by GET request" classname="org.maxur.perfmodel.backend.rest.resources.ProjectResourceSpec" time="0.008"/>
  <testcase name="should be delete project by DELETE request" classname="org.maxur.perfmodel.backend.rest.resources.ProjectResourceSpec" time="0.01"/>
  <testcase name="should be return 404 code by DELETE request unavailable project" classname="org.maxur.perfmodel.backend.rest.resources.ProjectResourceSpec" time="0.015"/>
  <testcase name="should be save new project by POST request" classname="org.maxur.perfmodel.backend.rest.resources.ProjectResourceSpec" time="0.025"/>
  <testcase name="should be send error 400 on bad POST request" classname="org.maxur.perfmodel.backend.rest.resources.ProjectResourceSpec" time="0.013"/>
  <testcase name="should be send error 409 after conflict on POST request" classname="org.maxur.perfmodel.backend.rest.resources.ProjectResourceSpec" time="0.01"/>
  <testcase name="should be send error 500 after system error on POST request" classname="org.maxur.perfmodel.backend.rest.resources.ProjectResourceSpec" time="0.022"/>
  <testcase name="should be update project by PUT request" classname="org.maxur.perfmodel.backend.rest.resources.ProjectResourceSpec" time="0.007"/>
  <testcase name="should be send error 404 after not found on PUT request" classname="org.maxur.perfmodel.backend.rest.resources.ProjectResourceSpec" time="0.021"/>
  <testcase name="should be send error 400 on bad PUT request" classname="org.maxur.perfmodel.backend.rest.resources.ProjectResourceSpec" time="0.008"/>
  <testcase name="should be send error 409 after conflict on PUT request" classname="org.maxur.perfmodel.backend.rest.resources.ProjectResourceSpec" time="0.011"/>
  <testcase name="should be send error 500 after system error on Put request" classname="org.maxur.perfmodel.backend.rest.resources.ProjectResourceSpec" time="0.013"/>
</testsuite>